<?xml version="1.0" encoding="UTF-8"?>
<testng-results ignored="0" total="1" passed="0" failed="1" skipped="0">
  <reporter-output>
  </reporter-output>
  <suite started-at="2021-10-21T06:51:09 IST" name="Default suite" finished-at="2021-10-21T06:51:14 IST" duration-ms="5510">
    <groups>
    </groups>
    <test started-at="2021-10-21T06:51:09 IST" name="Default test" finished-at="2021-10-21T06:51:14 IST" duration-ms="5510">
      <class name="com.Ty.RMGYantra.scripts.Projectwithcompletedstatus">
        <test-method is-config="true" signature="configBS()[pri:0, instance:com.Ty.RMGYantra.scripts.Projectwithcompletedstatus@574b560f]" started-at="2021-10-21T06:51:05 IST" name="configBS" finished-at="2021-10-21T06:51:09 IST" duration-ms="3306" status="PASS">
          <reporter-output>
          </reporter-output>
        </test-method> <!-- configBS -->
        <test-method signature="projectwithcompletedstatus()[pri:0, instance:com.Ty.RMGYantra.scripts.Projectwithcompletedstatus@574b560f]" started-at="2021-10-21T06:51:09 IST" name="projectwithcompletedstatus" finished-at="2021-10-21T06:51:14 IST" duration-ms="5410" status="FAIL">
          <exception class="java.lang.AssertionError">
            <full-stacktrace>
              <![CDATA[java.lang.AssertionError
at org.junit.Assert.fail(Assert.java:92)
at org.junit.Assert.assertTrue(Assert.java:43)
at org.junit.Assert.assertTrue(Assert.java:54)
at com.Ty.RMGYantra.scripts.Projectwithcompletedstatus.projectwithcompletedstatus(Projectwithcompletedstatus.java:41)
at java.base/jdk.internal.reflect.NativeMethodAccessorImpl.invoke0(Native Method)
at java.base/jdk.internal.reflect.NativeMethodAccessorImpl.invoke(NativeMethodAccessorImpl.java:62)
at java.base/jdk.internal.reflect.DelegatingMethodAccessorImpl.invoke(DelegatingMethodAccessorImpl.java:43)
at java.base/java.lang.reflect.Method.invoke(Method.java:564)
at org.testng.internal.MethodInvocationHelper.invokeMethod(MethodInvocationHelper.java:133)
at org.testng.internal.TestInvoker.invokeMethod(TestInvoker.java:584)
at org.testng.internal.TestInvoker.invokeTestMethod(TestInvoker.java:172)
at org.testng.internal.MethodRunner.runInSequence(MethodRunner.java:46)
at org.testng.internal.TestInvoker$MethodInvocationAgent.invoke(TestInvoker.java:804)
at org.testng.internal.TestInvoker.invokeTestMethods(TestInvoker.java:145)
at org.testng.internal.TestMethodWorker.invokeTestMethods(TestMethodWorker.java:146)
at org.testng.internal.TestMethodWorker.run(TestMethodWorker.java:128)
at java.base/java.util.ArrayList.forEach(ArrayList.java:1511)
at org.testng.TestRunner.privateRun(TestRunner.java:770)
at org.testng.TestRunner.run(TestRunner.java:591)
at org.testng.SuiteRunner.runTest(SuiteRunner.java:402)
at org.testng.SuiteRunner.runSequentially(SuiteRunner.java:396)
at org.testng.SuiteRunner.privateRun(SuiteRunner.java:355)
at org.testng.SuiteRunner.run(SuiteRunner.java:304)
at org.testng.SuiteRunnerWorker.runSuite(SuiteRunnerWorker.java:53)
at org.testng.SuiteRunnerWorker.run(SuiteRunnerWorker.java:96)
at org.testng.TestNG.runSuitesSequentially(TestNG.java:1180)
at org.testng.TestNG.runSuitesLocally(TestNG.java:1102)
at org.testng.TestNG.runSuites(TestNG.java:1032)
at org.testng.TestNG.run(TestNG.java:1000)
at org.testng.remote.AbstractRemoteTestNG.run(AbstractRemoteTestNG.java:115)
at org.testng.remote.RemoteTestNG.initAndRun(RemoteTestNG.java:251)
at org.testng.remote.RemoteTestNG.main(RemoteTestNG.java:77)
]]>
            </full-stacktrace>
          </exception> <!-- java.lang.AssertionError -->
          <reporter-output>
          </reporter-output>
        </test-method> <!-- projectwithcompletedstatus -->
        <test-method is-config="true" signature="configAS()[pri:0, instance:com.Ty.RMGYantra.scripts.Projectwithcompletedstatus@574b560f]" started-at="2021-10-21T06:51:14 IST" name="configAS" finished-at="2021-10-21T06:51:14 IST" duration-ms="6" status="PASS">
          <reporter-output>
          </reporter-output>
        </test-method> <!-- configAS -->
      </class> <!-- com.Ty.RMGYantra.scripts.Projectwithcompletedstatus -->
    </test> <!-- Default test -->
  </suite> <!-- Default suite -->
</testng-results>
